# JRE version: OpenJDK Runtime Environment (11.0.15) (build 11.0.15+0-b2043.56-9505619)
# Java VM: OpenJDK 64-Bit Server VM (11.0.15+0-b2043.56-9505619, mixed mode, tiered, compressed oops, g1 gc, windows-amd64)
Heap:
 garbage-first heap   total 126976K, used 65042K [0x0000000080000000, 0x0000000100000000)
  region size 1024K, 49 young (50176K), 2 survivors (2048K)
 Metaspace       used 25722K, capacity 26363K, committed 26492K, reserved 1073152K
  class space    used 3321K, capacity 3519K, committed 3532K, reserved 1048576K
GC Heap History (6 events):
Event: 2.603 GC heap before
{Heap before GC invocations=0 (full 0):
 garbage-first heap   total 126976K, used 29696K [0x0000000080000000, 0x0000000100000000)
  region size 1024K, 24 young (24576K), 0 survivors (0K)
 Metaspace       used 10119K, capacity 10403K, committed 10624K, reserved 1058816K
  class space    used 1034K, capacity 1106K, committed 1152K, reserved 1048576K
}
Event: 2.611 GC heap after
{Heap after GC invocations=1 (full 0):
 garbage-first heap   total 126976K, used 9797K [0x0000000080000000, 0x0000000100000000)
  region size 1024K, 3 young (3072K), 3 survivors (3072K)
 Metaspace       used 10119K, capacity 10403K, committed 10624K, reserved 1058816K
  class space    used 1034K, capacity 1106K, committed 1152K, reserved 1048576K
}
Event: 5.557 GC heap before
{Heap before GC invocations=1 (full 0):
 garbage-first heap   total 126976K, used 83525K [0x0000000080000000, 0x0000000100000000)
  region size 1024K, 74 young (75776K), 3 survivors (3072K)
 Metaspace       used 17911K, capacity 18339K, committed 18432K, reserved 1064960K
  class space    used 2100K, capacity 2244K, committed 2304K, reserved 1048576K
}
Event: 5.563 GC heap after
{Heap after GC invocations=2 (full 0):
 garbage-first heap   total 126976K, used 16576K [0x0000000080000000, 0x0000000100000000)
  region size 1024K, 10 young (10240K), 10 survivors (10240K)
 Metaspace       used 17911K, capacity 18339K, committed 18432K, reserved 1064960K
  class space    used 2100K, capacity 2244K, committed 2304K, reserved 1048576K
}
Event: 5.823 GC heap before
{Heap before GC invocations=2 (full 0):
 garbage-first heap   total 126976K, used 41152K [0x0000000080000000, 0x0000000100000000)
  region size 1024K, 35 young (35840K), 10 survivors (10240K)
 Metaspace       used 20815K, capacity 21193K, committed 21296K, reserved 1069056K
  class space    used 2532K, capacity 2684K, committed 2688K, reserved 1048576K
}
Event: 5.831 GC heap after
{Heap after GC invocations=3 (full 0):
 garbage-first heap   total 126976K, used 17938K [0x0000000080000000, 0x0000000100000000)
  region size 1024K, 2 young (2048K), 2 survivors (2048K)
 Metaspace       used 20815K, capacity 21193K, committed 21296K, reserved 1069056K
  class space    used 2532K, capacity 2684K, committed 2688K, reserved 1048576K
}

