# JRE version: OpenJDK Runtime Environment (11.0.15) (build 11.0.15+0-b2043.56-9505619)
# Java VM: OpenJDK 64-Bit Server VM (11.0.15+0-b2043.56-9505619, mixed mode, tiered, compressed oops, g1 gc, windows-amd64)
Heap:
 garbage-first heap   total 126976K, used 56313K [0x0000000080000000, 0x0000000100000000)
  region size 1024K, 22 young (22528K), 8 survivors (8192K)
 Metaspace       used 52378K, capacity 53681K, committed 54012K, reserved 1095680K
  class space    used 6632K, capacity 7150K, committed 7244K, reserved 1048576K
GC Heap History (18 events):
Event: 1.371 GC heap before
{Heap before GC invocations=0 (full 0):
 garbage-first heap   total 126976K, used 29696K [0x0000000080000000, 0x0000000100000000)
  region size 1024K, 24 young (24576K), 0 survivors (0K)
 Metaspace       used 10056K, capacity 10320K, committed 10368K, reserved 1058816K
  class space    used 1025K, capacity 1105K, committed 1152K, reserved 1048576K
}
Event: 1.377 GC heap after
{Heap after GC invocations=1 (full 0):
 garbage-first heap   total 126976K, used 9350K [0x0000000080000000, 0x0000000100000000)
  region size 1024K, 3 young (3072K), 3 survivors (3072K)
 Metaspace       used 10056K, capacity 10320K, committed 10368K, reserved 1058816K
  class space    used 1025K, capacity 1105K, committed 1152K, reserved 1048576K
}
Event: 3.237 GC heap before
{Heap before GC invocations=1 (full 0):
 garbage-first heap   total 126976K, used 83078K [0x0000000080000000, 0x0000000100000000)
  region size 1024K, 74 young (75776K), 3 survivors (3072K)
 Metaspace       used 17794K, capacity 18225K, committed 18432K, reserved 1064960K
  class space    used 2080K, capacity 2211K, committed 2304K, reserved 1048576K
}
Event: 3.242 GC heap after
{Heap after GC invocations=2 (full 0):
 garbage-first heap   total 126976K, used 16441K [0x0000000080000000, 0x0000000100000000)
  region size 1024K, 10 young (10240K), 10 survivors (10240K)
 Metaspace       used 17794K, capacity 18225K, committed 18432K, reserved 1064960K
  class space    used 2080K, capacity 2211K, committed 2304K, reserved 1048576K
}
Event: 3.458 GC heap before
{Heap before GC invocations=2 (full 0):
 garbage-first heap   total 126976K, used 42041K [0x0000000080000000, 0x0000000100000000)
  region size 1024K, 36 young (36864K), 10 survivors (10240K)
 Metaspace       used 20817K, capacity 21241K, committed 21296K, reserved 1069056K
  class space    used 2531K, capacity 2684K, committed 2688K, reserved 1048576K
}
Event: 3.465 GC heap after
{Heap after GC invocations=3 (full 0):
 garbage-first heap   total 126976K, used 17097K [0x0000000080000000, 0x0000000100000000)
  region size 1024K, 2 young (2048K), 2 survivors (2048K)
 Metaspace       used 20817K, capacity 21241K, committed 21296K, reserved 1069056K
  class space    used 2531K, capacity 2684K, committed 2688K, reserved 1048576K
}
Event: 46.048 GC heap before
{Heap before GC invocations=4 (full 0):
 garbage-first heap   total 126976K, used 67273K [0x0000000080000000, 0x0000000100000000)
  region size 1024K, 51 young (52224K), 2 survivors (2048K)
 Metaspace       used 25952K, capacity 26540K, committed 26876K, reserved 1073152K
  class space    used 3350K, capacity 3560K, committed 3660K, reserved 1048576K
}
Event: 46.052 GC heap after
{Heap after GC invocations=5 (full 0):
 garbage-first heap   total 126976K, used 18848K [0x0000000080000000, 0x0000000100000000)
  region size 1024K, 3 young (3072K), 3 survivors (3072K)
 Metaspace       used 25952K, capacity 26540K, committed 26876K, reserved 1073152K
  class space    used 3350K, capacity 3560K, committed 3660K, reserved 1048576K
}
Event: 46.638 GC heap before
{Heap before GC invocations=6 (full 0):
 garbage-first heap   total 126976K, used 76192K [0x0000000080000000, 0x0000000100000000)
  region size 1024K, 59 young (60416K), 3 survivors (3072K)
 Metaspace       used 31642K, capacity 32396K, committed 32636K, reserved 1077248K
  class space    used 4223K, capacity 4497K, committed 4556K, reserved 1048576K
}
Event: 46.641 GC heap after
{Heap after GC invocations=7 (full 0):
 garbage-first heap   total 126976K, used 20380K [0x0000000080000000, 0x0000000100000000)
  region size 1024K, 5 young (5120K), 5 survivors (5120K)
 Metaspace       used 31642K, capacity 32396K, committed 32636K, reserved 1077248K
  class space    used 4223K, capacity 4497K, committed 4556K, reserved 1048576K
}
Event: 47.756 GC heap before
{Heap before GC invocations=7 (full 0):
 garbage-first heap   total 126976K, used 82844K [0x0000000080000000, 0x0000000100000000)
  region size 1024K, 64 young (65536K), 5 survivors (5120K)
 Metaspace       used 40179K, capacity 41139K, committed 41212K, reserved 1085440K
  class space    used 5043K, capacity 5403K, committed 5452K, reserved 1048576K
}
Event: 47.761 GC heap after
{Heap after GC invocations=8 (full 0):
 garbage-first heap   total 126976K, used 26284K [0x0000000080000000, 0x0000000100000000)
  region size 1024K, 8 young (8192K), 8 survivors (8192K)
 Metaspace       used 40179K, capacity 41139K, committed 41212K, reserved 1085440K
  class space    used 5043K, capacity 5403K, committed 5452K, reserved 1048576K
}
Event: 48.283 GC heap before
{Heap before GC invocations=8 (full 0):
 garbage-first heap   total 126976K, used 78508K [0x0000000080000000, 0x0000000100000000)
  region size 1024K, 60 young (61440K), 8 survivors (8192K)
 Metaspace       used 43797K, capacity 44738K, committed 44796K, reserved 1087488K
  class space    used 5529K, capacity 5912K, committed 5964K, reserved 1048576K
}
Event: 48.296 GC heap after
{Heap after GC invocations=9 (full 0):
 garbage-first heap   total 126976K, used 30712K [0x0000000080000000, 0x0000000100000000)
  region size 1024K, 4 young (4096K), 4 survivors (4096K)
 Metaspace       used 43797K, capacity 44738K, committed 44796K, reserved 1087488K
  class space    used 5529K, capacity 5912K, committed 5964K, reserved 1048576K
}
Event: 49.314 GC heap before
{Heap before GC invocations=10 (full 0):
 garbage-first heap   total 126976K, used 87032K [0x0000000080000000, 0x0000000100000000)
  region size 1024K, 59 young (60416K), 4 survivors (4096K)
 Metaspace       used 48015K, capacity 49159K, committed 49276K, reserved 1091584K
  class space    used 6102K, capacity 6535K, committed 6604K, reserved 1048576K
}
Event: 49.320 GC heap after
{Heap after GC invocations=11 (full 0):
 garbage-first heap   total 126976K, used 31387K [0x0000000080000000, 0x0000000100000000)
  region size 1024K, 5 young (5120K), 5 survivors (5120K)
 Metaspace       used 48015K, capacity 49159K, committed 49276K, reserved 1091584K
  class space    used 6102K, capacity 6535K, committed 6604K, reserved 1048576K
}
Event: 52.364 GC heap before
{Heap before GC invocations=12 (full 0):
 garbage-first heap   total 126976K, used 93851K [0x0000000080000000, 0x0000000100000000)
  region size 1024K, 62 young (63488K), 5 survivors (5120K)
 Metaspace       used 50831K, capacity 52178K, committed 52220K, reserved 1095680K
  class space    used 6434K, capacity 6947K, committed 6988K, reserved 1048576K
}
Event: 52.372 GC heap after
{Heap after GC invocations=13 (full 0):
 garbage-first heap   total 126976K, used 43001K [0x0000000080000000, 0x0000000100000000)
  region size 1024K, 8 young (8192K), 8 survivors (8192K)
 Metaspace       used 50831K, capacity 52178K, committed 52220K, reserved 1095680K
  class space    used 6434K, capacity 6947K, committed 6988K, reserved 1048576K
}

